<?xml version="1.0" encoding="UTF-8"?>
<!-- Generated by org.testng.reporters.JUnitReportReporter -->
<testsuite hostname="DESKTOP-LG2LKO2" failures="0" tests="2" name="mvnpackage.AppiumTest" time="0.010" errors="0" timestamp="2019-11-24T19:09:02 IST" skipped="0">
  <testcase classname="mvnpackage.AppiumTest" name="IOSapp" time="0.002"/>
  <testcase classname="mvnpackage.AppiumTest" name="Androidapp" time="0.008"/>
</testsuite> <!-- mvnpackage.AppiumTest -->
