<?xml version="1.0" encoding="UTF-8"?>
<!-- Generated by org.testng.reporters.JUnitReportReporter -->
<testsuite hostname="DESKTOP-LG2LKO2" failures="0" tests="2" name="mvnpackage.seleniumjavaTest" time="0.002" errors="0" timestamp="2019-11-24T19:09:02 IST" skipped="0">
  <testcase classname="mvnpackage.seleniumjavaTest" name="Elementsui" time="0.001"/>
  <testcase classname="mvnpackage.seleniumjavaTest" name="Browserautomation" time="0.001"/>
</testsuite> <!-- mvnpackage.seleniumjavaTest -->
